2021/05/03 14:06:16.958805 in init() of package pbs
2021/05/03 14:06:16.959491  In function ParseQSTAT
2021/05/03 14:06:16.959718  In function ParseQSTAT
2021/05/03 14:06:16.959882  RunQSTATCommand cmdToRun =  python3 [tests/imitate_pbs_output.py qstat -f -F json 1008]
2021/05/03 14:06:16.974435  In ParseStdErr. stderr = 
2021/05/03 14:06:16.974467  In function ParseQSTAT
2021/05/03 14:06:16.974631  In ParseQSUB string = 1013.vm-priboy
2021/05/03 14:06:16.974682  In func RunQSUBCommand() cmdToRun =  python3 [tests/imitate_pbs_output.py qsub -v USER_EMAIL=user@mail.ru, PYTHON_SCRIPT=script.py, QUOTA_CPU=1, QUOTA_MEMORY=1000, QUOTA_TIME=3600, QUOTA_PRIORITY=1 post_task.py]
2021/05/03 14:06:16.987241  in RunQSUBCommand stdout =  1013.vm-priboy

2021/05/03 14:06:16.987276  In ParseQSUB string = 1013.vm-priboy
2021/05/03 14:06:16.987288  in qsub. Task.ProcessId =  1013
2021/05/03 14:06:16.987371  In func RunQSUBCommand() cmdToRun =  python3 [tests/imitate_pbs_output.py qsub -q linopt post_task.pbs]
2021/05/03 14:06:16.999739 Exit status: 13 in run qsub command with args python3 [tests/imitate_pbs_output.py qsub -q linopt post_task.pbs]
2021/05/03 14:06:16.999901  RunQSTATCommand cmdToRun =  python3 [tests/imitate_pbs_output.py qstat -f -F json 2007 2009 2010]
2021/05/03 14:06:17.009833  In ParseStdErr. stderr = qstat: Unknown Job Id 2001.g3
qstat: Unknown Job Id 2002.g3
qstat: Unknown Job Id 2003.g3
2021/05/03 14:06:17.009867  In ParseStdErr task with process id = 2001 is completed
2021/05/03 14:06:17.009877  In ParseStdErr task with process id = 2002 is completed
2021/05/03 14:06:17.009885  In ParseStdErr task with process id = 2003 is completed
2021/05/03 14:06:17.009893  In function ParseQSTAT
2021/05/03 14:06:17.010171  In ParseQSTATTable
2021/05/03 14:06:17.010197 strconv.Atoi: parsing "": invalid syntax
2021/05/03 14:06:17.010251  GetAllQSTATTasks cmdToRun =  python3
2021/05/03 14:06:17.023363  in GetAllQSTATTasks stdout =  Job id            Name             User              Time Use S Queue
----------------  ---------------- ----------------  -------- - -----
2008.g3           STDIN            ivan                     0 Q workq           
2009.g3           STDIN            ivan                     0 Q workq           
2010.g3           STDIN            ivan                     0 Q workq           
2011.g3           STDIN            ivan                     0 Q workq           
2012.g3           STDIN            ivan                     0 Q workq           
2013.g3           STDIN            ivan                     0 Q workq           
2014.g3           STDIN            ivan                     0 Q workq           
2015.g3           STDIN            ivan                     0 Q workq


2021/05/03 14:06:17.023418  In ParseQSTATTable
2021/05/03 14:06:17.023466 strconv.Atoi: parsing "": invalid syntax
2021/05/03 14:09:05.268860 in init() of package pbs
2021/05/03 14:09:05.269814  In function ParseQSTAT
2021/05/03 14:09:05.270074  In function ParseQSTAT
2021/05/03 14:09:05.270259  RunQSTATCommand cmdToRun =  python3 [tests/imitate_pbs_output.py qstat -f -F json 1008]
2021/05/03 14:09:05.288553  In ParseStdErr. stderr = 
2021/05/03 14:09:05.288578  In function ParseQSTAT
2021/05/03 14:09:05.288696  In ParseQSUB string = 1013.vm-priboy
2021/05/03 14:09:05.288726  In func RunQSUBCommand() cmdToRun =  python3 [tests/imitate_pbs_output.py qsub -v USER_EMAIL=user@mail.ru, PYTHON_SCRIPT=script.py, QUOTA_CPU=1, QUOTA_MEMORY=1000, QUOTA_TIME=3600, QUOTA_PRIORITY=1 post_task.py]
2021/05/03 14:09:05.302619  in RunQSUBCommand stdout =  1013.vm-priboy

2021/05/03 14:09:05.302656  In ParseQSUB string = 1013.vm-priboy
2021/05/03 14:09:05.302670  in qsub. Task.ProcessId =  1013
2021/05/03 14:09:05.302770  In func RunQSUBCommand() cmdToRun =  python3 [tests/imitate_pbs_output.py qsub -q linopt post_task.pbs]
2021/05/03 14:09:05.311918 Exit status: 13 in run qsub command with args python3 [tests/imitate_pbs_output.py qsub -q linopt post_task.pbs]
2021/05/03 14:09:05.312054  RunQSTATCommand cmdToRun =  python3 [tests/imitate_pbs_output.py qstat -f -F json 2007 2009 2010]
2021/05/03 14:09:05.327179  In ParseStdErr. stderr = qstat: Unknown Job Id 2001.g3
qstat: Unknown Job Id 2002.g3
qstat: Unknown Job Id 2003.g3
2021/05/03 14:09:05.327231  In ParseStdErr task with process id = 2001 is completed
2021/05/03 14:09:05.327241  In ParseStdErr task with process id = 2002 is completed
2021/05/03 14:09:05.327249  In ParseStdErr task with process id = 2003 is completed
2021/05/03 14:09:05.327256  In function ParseQSTAT
2021/05/03 14:09:05.327518  In ParseQSTATTable
2021/05/03 14:09:05.327551 strconv.Atoi: parsing "": invalid syntax
2021/05/03 14:09:05.327599  GetAllQSTATTasks cmdToRun =  python3
2021/05/03 14:09:05.344186  in GetAllQSTATTasks stdout =  Job id            Name             User              Time Use S Queue
----------------  ---------------- ----------------  -------- - -----
2008.g3           STDIN            ivan                     0 Q workq           
2009.g3           STDIN            ivan                     0 Q workq           
2010.g3           STDIN            ivan                     0 Q workq           
2011.g3           STDIN            ivan                     0 Q workq           
2012.g3           STDIN            ivan                     0 Q workq           
2013.g3           STDIN            ivan                     0 Q workq           
2014.g3           STDIN            ivan                     0 Q workq           
2015.g3           STDIN            ivan                     0 Q workq


2021/05/03 14:09:05.344217  In ParseQSTATTable
2021/05/03 14:09:05.344237 strconv.Atoi: parsing "": invalid syntax
2021/05/03 14:21:58.816929 in init() of package pbs
2021/05/03 14:21:58.817882  In function ParseQSTAT
2021/05/03 14:21:58.818186  In function ParseQSTAT
2021/05/03 14:21:58.818636  RunQSTATCommand cmdToRun =  python3 [tests/imitate_pbs_output.py qstat -f -F json 1008]
2021/05/03 14:21:58.831237  In ParseStdErr. stderr = 
2021/05/03 14:21:58.831267  In function ParseQSTAT
2021/05/03 14:21:58.831436  In ParseQSUB string = 1013.vm-priboy
2021/05/03 14:21:58.831495  In func RunQSUBCommand() cmdToRun =  python3 [tests/imitate_pbs_output.py qsub -v USER_EMAIL=user@mail.ru, PYTHON_SCRIPT=script.py, QUOTA_CPU=1, QUOTA_MEMORY=1000, QUOTA_TIME=3600, QUOTA_PRIORITY=1 post_task.py]
2021/05/03 14:21:58.841465  in RunQSUBCommand stdout =  1013.vm-priboy

2021/05/03 14:21:58.841506  In ParseQSUB string = 1013.vm-priboy
2021/05/03 14:21:58.841518  in qsub. Task.ProcessId =  1013
2021/05/03 14:21:58.841599  In func RunQSUBCommand() cmdToRun =  python3 [tests/imitate_pbs_output.py qsub -q linopt post_task.pbs]
2021/05/03 14:21:58.857336 Exit status: 13 in run qsub command with args python3 [tests/imitate_pbs_output.py qsub -q linopt post_task.pbs]
2021/05/03 14:21:58.857463  RunQSTATCommand cmdToRun =  python3 [tests/imitate_pbs_output.py qstat -f -F json 2007 2009 2010]
2021/05/03 14:21:58.867056  In ParseStdErr. stderr = qstat: Unknown Job Id 2001.g3
qstat: Unknown Job Id 2002.g3
qstat: Unknown Job Id 2003.g3
2021/05/03 14:21:58.867107  In ParseStdErr task with process id = 2001 is completed
2021/05/03 14:21:58.867120  In ParseStdErr task with process id = 2002 is completed
2021/05/03 14:21:58.867131  In ParseStdErr task with process id = 2003 is completed
2021/05/03 14:21:58.867142  In function ParseQSTAT
2021/05/03 14:21:58.867508  In ParseQSTATTable
2021/05/03 14:21:58.867566 strconv.Atoi: parsing "": invalid syntax
2021/05/03 14:21:58.867643  GetAllQSTATTasks cmdToRun =  python3
2021/05/03 14:21:58.884117  in GetAllQSTATTasks stdout =  Job id            Name             User              Time Use S Queue
----------------  ---------------- ----------------  -------- - -----
2008.g3           STDIN            ivan                     0 Q workq           
2009.g3           STDIN            ivan                     0 Q workq           
2010.g3           STDIN            ivan                     0 Q workq           
2011.g3           STDIN            ivan                     0 Q workq           
2012.g3           STDIN            ivan                     0 Q workq           
2013.g3           STDIN            ivan                     0 Q workq           
2014.g3           STDIN            ivan                     0 Q workq           
2015.g3           STDIN            ivan                     0 Q workq


2021/05/03 14:21:58.884185  In ParseQSTATTable
2021/05/03 14:21:58.884215 strconv.Atoi: parsing "": invalid syntax
2021/05/03 14:35:38.035842 in init() of package pbs
2021/05/03 14:35:38.036641  In function ParseQSTAT
2021/05/03 14:35:38.036878  In function ParseQSTAT
2021/05/03 14:35:38.037117  RunQSTATCommand cmdToRun =  python3 [tests/imitate_pbs_output.py qstat -f -F json 1008]
2021/05/03 14:35:38.053266  In ParseStdErr. stderr = 
2021/05/03 14:35:38.053309  In function ParseQSTAT
2021/05/03 14:35:38.053541  In ParseQSUB string = 1013.vm-priboy
2021/05/03 14:35:38.053618  In func RunQSUBCommand() cmdToRun =  python3 [tests/imitate_pbs_output.py qsub -v USER_EMAIL=user@mail.ru, PYTHON_SCRIPT=script.py, QUOTA_CPU=1, QUOTA_MEMORY=1000, QUOTA_TIME=3600, QUOTA_PRIORITY=1 post_task.py]
2021/05/03 14:35:38.063933  in RunQSUBCommand stdout =  1013.vm-priboy

2021/05/03 14:35:38.063975  In ParseQSUB string = 1013.vm-priboy
2021/05/03 14:35:38.063990  in qsub. Task.ProcessId =  1013
2021/05/03 14:35:38.064118  In func RunQSUBCommand() cmdToRun =  python3 [tests/imitate_pbs_output.py qsub -q linopt post_task.pbs]
2021/05/03 14:35:38.083419 Exit status: 13 in run qsub command with args python3 [tests/imitate_pbs_output.py qsub -q linopt post_task.pbs]
2021/05/03 14:35:38.083581  RunQSTATCommand cmdToRun =  python3 [tests/imitate_pbs_output.py qstat -f -F json 2007 2009 2010]
2021/05/03 14:35:38.098672  In ParseStdErr. stderr = qstat: Unknown Job Id 2001.g3
qstat: Unknown Job Id 2002.g3
qstat: Unknown Job Id 2003.g3
2021/05/03 14:35:38.098716  In ParseStdErr task with process id = 2001 is completed
2021/05/03 14:35:38.098729  In ParseStdErr task with process id = 2002 is completed
2021/05/03 14:35:38.098739  In ParseStdErr task with process id = 2003 is completed
2021/05/03 14:35:38.098747  In function ParseQSTAT
2021/05/03 14:35:38.099029  In ParseQSTATTable
2021/05/03 14:35:38.099068 strconv.Atoi: parsing "": invalid syntax
2021/05/03 14:35:38.099113  GetAllQSTATTasks cmdToRun =  python3
2021/05/03 14:35:38.117366  in GetAllQSTATTasks stdout =  Job id            Name             User              Time Use S Queue
----------------  ---------------- ----------------  -------- - -----
2008.g3           STDIN            ivan                     0 Q workq           
2009.g3           STDIN            ivan                     0 Q workq           
2010.g3           STDIN            ivan                     0 Q workq           
2011.g3           STDIN            ivan                     0 Q workq           
2012.g3           STDIN            ivan                     0 Q workq           
2013.g3           STDIN            ivan                     0 Q workq           
2014.g3           STDIN            ivan                     0 Q workq           
2015.g3           STDIN            ivan                     0 Q workq


2021/05/03 14:35:38.117426  In ParseQSTATTable
2021/05/03 14:35:38.117454 strconv.Atoi: parsing "": invalid syntax
2021/05/03 14:38:13.845947 in init() of package pbs
2021/05/03 14:38:13.846925  In function ParseQSTAT
2021/05/03 14:38:13.847241  In function ParseQSTAT
2021/05/03 14:38:13.847444  RunQSTATCommand cmdToRun =  python3 [tests/imitate_pbs_output.py qstat -f -F json 1008]
2021/05/03 14:38:13.859379  In ParseStdErr. stderr = 
2021/05/03 14:38:13.859430  In function ParseQSTAT
2021/05/03 14:38:13.859669  In ParseQSUB string = 1013.vm-priboy
2021/05/03 14:38:13.859778  In func RunQSUBCommand() cmdToRun =  python3 [tests/imitate_pbs_output.py qsub -v USER_EMAIL=user@mail.ru, PYTHON_SCRIPT=script.py, QUOTA_CPU=1, QUOTA_MEMORY=1000, QUOTA_TIME=3600, QUOTA_PRIORITY=1 post_task.py]
2021/05/03 14:38:13.872223  in RunQSUBCommand stdout =  1013.vm-priboy

2021/05/03 14:38:13.872255  In ParseQSUB string = 1013.vm-priboy
2021/05/03 14:38:13.872263  in qsub. Task.ProcessId =  1013
2021/05/03 14:38:13.872361  In func RunQSUBCommand() cmdToRun =  python3 [tests/imitate_pbs_output.py qsub -q linopt post_task.pbs]
2021/05/03 14:38:13.888815 Exit status: 13 in run qsub command with args python3 [tests/imitate_pbs_output.py qsub -q linopt post_task.pbs]
2021/05/03 14:38:13.888968  RunQSTATCommand cmdToRun =  python3 [tests/imitate_pbs_output.py qstat -f -F json 2007 2009 2010]
2021/05/03 14:38:13.903617  In ParseStdErr. stderr = qstat: Unknown Job Id 2001.g3
qstat: Unknown Job Id 2002.g3
qstat: Unknown Job Id 2003.g3
2021/05/03 14:38:13.903659  In ParseStdErr task with process id = 2001 is completed
2021/05/03 14:38:13.903668  In ParseStdErr task with process id = 2002 is completed
2021/05/03 14:38:13.903677  In ParseStdErr task with process id = 2003 is completed
2021/05/03 14:38:13.903685  In function ParseQSTAT
2021/05/03 14:38:13.904049  In ParseQSTATTable
2021/05/03 14:38:13.904087 strconv.Atoi: parsing "": invalid syntax
2021/05/03 14:38:13.904154  GetAllQSTATTasks cmdToRun =  python3
2021/05/03 14:38:13.916135  in GetAllQSTATTasks stdout =  Job id            Name             User              Time Use S Queue
----------------  ---------------- ----------------  -------- - -----
2008.g3           STDIN            ivan                     0 Q workq           
2009.g3           STDIN            ivan                     0 Q workq           
2010.g3           STDIN            ivan                     0 Q workq           
2011.g3           STDIN            ivan                     0 Q workq           
2012.g3           STDIN            ivan                     0 Q workq           
2013.g3           STDIN            ivan                     0 Q workq           
2014.g3           STDIN            ivan                     0 Q workq           
2015.g3           STDIN            ivan                     0 Q workq


2021/05/03 14:38:13.916173  In ParseQSTATTable
2021/05/03 14:38:13.916195 strconv.Atoi: parsing "": invalid syntax
2021/05/03 14:40:22.643809 in init() of package pbs
2021/05/03 14:40:22.644808  In function ParseQSTAT
2021/05/03 14:40:22.645081  In function ParseQSTAT
2021/05/03 14:40:22.645282  RunQSTATCommand cmdToRun =  python3 [tests/imitate_pbs_output.py qstat -f -F json 1008]
2021/05/03 14:40:22.663510  In ParseStdErr. stderr = 
2021/05/03 14:40:22.663545  In function ParseQSTAT
2021/05/03 14:40:22.663774  In ParseQSUB string = 1013.vm-priboy
2021/05/03 14:40:22.663842  In func RunQSUBCommand() cmdToRun =  python3 [tests/imitate_pbs_output.py qsub -v USER_EMAIL=user@mail.ru, PYTHON_SCRIPT=script.py, QUOTA_CPU=1, QUOTA_MEMORY=1000, QUOTA_TIME=3600, QUOTA_PRIORITY=1 post_task.py]
2021/05/03 14:40:22.677768  in RunQSUBCommand stdout =  1013.vm-priboy

2021/05/03 14:40:22.677797  In ParseQSUB string = 1013.vm-priboy
2021/05/03 14:40:22.677804  in qsub. Task.ProcessId =  1013
2021/05/03 14:40:22.677859  In func RunQSUBCommand() cmdToRun =  python3 [tests/imitate_pbs_output.py qsub -q linopt post_task.pbs]
2021/05/03 14:40:22.693203 Exit status: 13 in run qsub command with args python3 [tests/imitate_pbs_output.py qsub -q linopt post_task.pbs]
2021/05/03 14:40:22.693336  RunQSTATCommand cmdToRun =  python3 [tests/imitate_pbs_output.py qstat -f -F json 2007 2009 2010]
2021/05/03 14:40:22.703329  In ParseStdErr. stderr = qstat: Unknown Job Id 2001.g3
qstat: Unknown Job Id 2002.g3
qstat: Unknown Job Id 2003.g3
2021/05/03 14:40:22.703367  In ParseStdErr task with process id = 2001 is completed
2021/05/03 14:40:22.703378  In ParseStdErr task with process id = 2002 is completed
2021/05/03 14:40:22.703386  In ParseStdErr task with process id = 2003 is completed
2021/05/03 14:40:22.703395  In function ParseQSTAT
2021/05/03 14:40:22.703656  In ParseQSTATTable
2021/05/03 14:40:22.703687 strconv.Atoi: parsing "": invalid syntax
2021/05/03 14:40:22.703730  GetAllQSTATTasks cmdToRun =  python3
2021/05/03 14:40:22.713204  in GetAllQSTATTasks stdout =  Job id            Name             User              Time Use S Queue
----------------  ---------------- ----------------  -------- - -----
2008.g3           STDIN            ivan                     0 Q workq           
2009.g3           STDIN            ivan                     0 Q workq           
2010.g3           STDIN            ivan                     0 Q workq           
2011.g3           STDIN            ivan                     0 Q workq           
2012.g3           STDIN            ivan                     0 Q workq           
2013.g3           STDIN            ivan                     0 Q workq           
2014.g3           STDIN            ivan                     0 Q workq           
2015.g3           STDIN            ivan                     0 Q workq


2021/05/03 14:40:22.713260  In ParseQSTATTable
2021/05/03 14:40:22.713280 strconv.Atoi: parsing "": invalid syntax
2021/05/03 14:41:41.334888 in init() of package pbs
2021/05/03 14:41:41.335570  In function ParseQSTAT
2021/05/03 14:41:41.335776  In function ParseQSTAT
2021/05/03 14:41:41.335921  RunQSTATCommand cmdToRun =  python3 [tests/imitate_pbs_output.py qstat -f -F json 1008]
2021/05/03 14:41:41.356740  In ParseStdErr. stderr = 
2021/05/03 14:41:41.356779  In function ParseQSTAT
2021/05/03 14:41:41.357024  In ParseQSUB string = 1013.vm-priboy
2021/05/03 14:41:41.357124  In func RunQSUBCommand() cmdToRun =  python3 [tests/imitate_pbs_output.py qsub -v USER_EMAIL=user@mail.ru, PYTHON_SCRIPT=script.py, QUOTA_CPU=1, QUOTA_MEMORY=1000, QUOTA_TIME=3600, QUOTA_PRIORITY=1 post_task.py]
2021/05/03 14:41:41.366561  in RunQSUBCommand stdout =  1013.vm-priboy

2021/05/03 14:41:41.366598  In ParseQSUB string = 1013.vm-priboy
2021/05/03 14:41:41.366611  in qsub. Task.ProcessId =  1013
2021/05/03 14:41:41.366732  In func RunQSUBCommand() cmdToRun =  python3 [tests/imitate_pbs_output.py qsub -q linopt post_task.pbs]
2021/05/03 14:41:41.379004 Exit status: 13 in run qsub command with args python3 [tests/imitate_pbs_output.py qsub -q linopt post_task.pbs]
2021/05/03 14:41:41.379137  RunQSTATCommand cmdToRun =  python3 [tests/imitate_pbs_output.py qstat -f -F json 2007 2009 2010]
2021/05/03 14:41:41.394098  In ParseStdErr. stderr = qstat: Unknown Job Id 2001.g3
qstat: Unknown Job Id 2002.g3
qstat: Unknown Job Id 2003.g3
2021/05/03 14:41:41.394124  In ParseStdErr task with process id = 2001 is completed
2021/05/03 14:41:41.394129  In ParseStdErr task with process id = 2002 is completed
2021/05/03 14:41:41.394134  In ParseStdErr task with process id = 2003 is completed
2021/05/03 14:41:41.394140  In function ParseQSTAT
2021/05/03 14:41:41.394307  In ParseQSTATTable
2021/05/03 14:41:41.394354 strconv.Atoi: parsing "": invalid syntax
2021/05/03 14:41:41.394412  GetAllQSTATTasks cmdToRun =  python3
2021/05/03 14:41:41.409200  in GetAllQSTATTasks stdout =  Job id            Name             User              Time Use S Queue
----------------  ---------------- ----------------  -------- - -----
2008.g3           STDIN            ivan                     0 Q workq           
2009.g3           STDIN            ivan                     0 Q workq           
2010.g3           STDIN            ivan                     0 Q workq           
2011.g3           STDIN            ivan                     0 Q workq           
2012.g3           STDIN            ivan                     0 Q workq           
2013.g3           STDIN            ivan                     0 Q workq           
2014.g3           STDIN            ivan                     0 Q workq           
2015.g3           STDIN            ivan                     0 Q workq


2021/05/03 14:41:41.409234  In ParseQSTATTable
2021/05/03 14:41:41.409253 strconv.Atoi: parsing "": invalid syntax
2021/05/03 14:52:57.142738 in init() of package pbs
2021/05/03 14:52:57.143468  In function ParseQSTAT
2021/05/03 14:52:57.143664  In function ParseQSTAT
2021/05/03 14:52:57.143802  RunQSTATCommand cmdToRun =  python3 [tests/imitate_pbs_output.py qstat -f -F json 1008]
2021/05/03 14:52:57.160564  In ParseStdErr. stderr = 
2021/05/03 14:52:57.160649  In function ParseQSTAT
2021/05/03 14:52:57.160863  In ParseQSUB string = 1013.vm-priboy
2021/05/03 14:52:57.160917  In func RunQSUBCommand() cmdToRun =  python3 [tests/imitate_pbs_output.py qsub -v USER_EMAIL=user@mail.ru, PYTHON_SCRIPT=script.py, QUOTA_CPU=1, QUOTA_MEMORY=1000, QUOTA_TIME=3600, QUOTA_PRIORITY=1 post_task.py]
2021/05/03 14:52:57.177727  in RunQSUBCommand stdout =  1013.vm-priboy

2021/05/03 14:52:57.177791  In ParseQSUB string = 1013.vm-priboy
2021/05/03 14:52:57.177810  in qsub. Task.ProcessId =  1013
2021/05/03 14:52:57.177923  In func RunQSUBCommand() cmdToRun =  python3 [tests/imitate_pbs_output.py qsub -q linopt post_task.pbs]
2021/05/03 14:52:57.194344 Exit status: 13 in run qsub command with args python3 [tests/imitate_pbs_output.py qsub -q linopt post_task.pbs]
2021/05/03 14:52:57.194529  RunQSTATCommand cmdToRun =  python3 [tests/imitate_pbs_output.py qstat -f -F json 2007 2009 2010]
2021/05/03 14:52:57.204982  In ParseStdErr. stderr = qstat: Unknown Job Id 2001.g3
qstat: Unknown Job Id 2002.g3
qstat: Unknown Job Id 2003.g3
2021/05/03 14:52:57.205027  In ParseStdErr task with process id = 2001 is completed
2021/05/03 14:52:57.205037  In ParseStdErr task with process id = 2002 is completed
2021/05/03 14:52:57.205045  In ParseStdErr task with process id = 2003 is completed
2021/05/03 14:52:57.205054  In function ParseQSTAT
2021/05/03 14:52:57.205325  In ParseQSTATTable
2021/05/03 14:52:57.205357 strconv.Atoi: parsing "": invalid syntax
2021/05/03 14:52:57.205389  GetAllQSTATTasks cmdToRun =  python3
2021/05/03 14:52:57.214684  in GetAllQSTATTasks stdout =  Job id            Name             User              Time Use S Queue
----------------  ---------------- ----------------  -------- - -----
2008.g3           STDIN            ivan                     0 Q workq           
2009.g3           STDIN            ivan                     0 Q workq           
2010.g3           STDIN            ivan                     0 Q workq           
2011.g3           STDIN            ivan                     0 Q workq           
2012.g3           STDIN            ivan                     0 Q workq           
2013.g3           STDIN            ivan                     0 Q workq           
2014.g3           STDIN            ivan                     0 Q workq           
2015.g3           STDIN            ivan                     0 Q workq


2021/05/03 14:52:57.214735  In ParseQSTATTable
2021/05/03 14:52:57.214786 strconv.Atoi: parsing "": invalid syntax
2021/05/03 14:55:20.811461 in init() of package pbs
2021/05/03 14:55:20.812299  In function ParseQSTAT
2021/05/03 14:55:20.812689  In function ParseQSTAT
2021/05/03 14:55:20.812876  RunQSTATCommand cmdToRun =  python3 [tests/imitate_pbs_output.py qstat -f -F json 1008]
2021/05/03 14:55:20.829507  In ParseStdErr. stderr = 
2021/05/03 14:55:20.829568  In function ParseQSTAT
2021/05/03 14:55:20.829788  In ParseQSUB string = 1013.vm-priboy
2021/05/03 14:55:20.829866  In func RunQSUBCommand() cmdToRun =  python3 [tests/imitate_pbs_output.py qsub -v USER_EMAIL=user@mail.ru, PYTHON_SCRIPT=script.py, QUOTA_CPU=1, QUOTA_MEMORY=1000, QUOTA_TIME=3600, QUOTA_PRIORITY=1 post_task.py]
2021/05/03 14:55:20.844992  in RunQSUBCommand stdout =  1013.vm-priboy

2021/05/03 14:55:20.845047  In ParseQSUB string = 1013.vm-priboy
2021/05/03 14:55:20.845064  in qsub. Task.ProcessId =  1013
2021/05/03 14:55:20.845151  In func RunQSUBCommand() cmdToRun =  python3 [tests/imitate_pbs_output.py qsub -q linopt post_task.pbs]
2021/05/03 14:55:20.854508 Exit status: 13 in run qsub command with args python3 [tests/imitate_pbs_output.py qsub -q linopt post_task.pbs]
2021/05/03 14:55:20.854631  RunQSTATCommand cmdToRun =  python3 [tests/imitate_pbs_output.py qstat -f -F json 2007 2009 2010]
2021/05/03 14:55:20.869471  In ParseStdErr. stderr = qstat: Unknown Job Id 2001.g3
qstat: Unknown Job Id 2002.g3
qstat: Unknown Job Id 2003.g3
2021/05/03 14:55:20.869514  In ParseStdErr task with process id = 2001 is completed
2021/05/03 14:55:20.869524  In ParseStdErr task with process id = 2002 is completed
2021/05/03 14:55:20.869533  In ParseStdErr task with process id = 2003 is completed
2021/05/03 14:55:20.869540  In function ParseQSTAT
2021/05/03 14:55:20.869788  In ParseQSTATTable
2021/05/03 14:55:20.869848 strconv.Atoi: parsing "": invalid syntax
2021/05/03 14:55:20.869889  GetAllQSTATTasks cmdToRun =  python3
2021/05/03 14:55:20.885861  in GetAllQSTATTasks stdout =  Job id            Name             User              Time Use S Queue
----------------  ---------------- ----------------  -------- - -----
2008.g3           STDIN            ivan                     0 Q workq           
2009.g3           STDIN            ivan                     0 Q workq           
2010.g3           STDIN            ivan                     0 Q workq           
2011.g3           STDIN            ivan                     0 Q workq           
2012.g3           STDIN            ivan                     0 Q workq           
2013.g3           STDIN            ivan                     0 Q workq           
2014.g3           STDIN            ivan                     0 Q workq           
2015.g3           STDIN            ivan                     0 Q workq


2021/05/03 14:55:20.885903  In ParseQSTATTable
2021/05/03 14:55:20.885936 strconv.Atoi: parsing "": invalid syntax
2021/05/03 14:59:54.729702 in init() of package pbs
2021/05/03 14:59:54.730452  In function ParseQSTAT
2021/05/03 14:59:54.730726  In function ParseQSTAT
2021/05/03 14:59:54.730879  RunQSTATCommand cmdToRun =  python3 [tests/imitate_pbs_output.py qstat -f -F json 1008]
2021/05/03 14:59:54.747506  In ParseStdErr. stderr = 
2021/05/03 14:59:54.747542  In function ParseQSTAT
2021/05/03 14:59:54.747713  In ParseQSUB string = 1013.vm-priboy
2021/05/03 14:59:54.747770  In func RunQSUBCommand() cmdToRun =  python3 [tests/imitate_pbs_output.py qsub -v USER_EMAIL=user@mail.ru, PYTHON_SCRIPT=script.py, QUOTA_CPU=1, QUOTA_MEMORY=1000, QUOTA_TIME=3600, QUOTA_PRIORITY=1 post_task.py]
2021/05/03 14:59:54.757390  in RunQSUBCommand stdout =  1013.vm-priboy

2021/05/03 14:59:54.757435  In ParseQSUB string = 1013.vm-priboy
2021/05/03 14:59:54.757447  in qsub. Task.ProcessId =  1013
2021/05/03 14:59:54.757531  In func RunQSUBCommand() cmdToRun =  python3 [tests/imitate_pbs_output.py qsub -q linopt post_task.pbs]
2021/05/03 14:59:54.767595 Exit status: 13 in run qsub command with args python3 [tests/imitate_pbs_output.py qsub -q linopt post_task.pbs]
2021/05/03 14:59:54.767729  RunQSTATCommand cmdToRun =  python3 [tests/imitate_pbs_output.py qstat -f -F json 2007 2009 2010]
2021/05/03 14:59:54.777544  In ParseStdErr. stderr = qstat: Unknown Job Id 2001.g3
qstat: Unknown Job Id 2002.g3
qstat: Unknown Job Id 2003.g3
2021/05/03 14:59:54.777602  In ParseStdErr task with process id = 2001 is completed
2021/05/03 14:59:54.777612  In ParseStdErr task with process id = 2002 is completed
2021/05/03 14:59:54.777621  In ParseStdErr task with process id = 2003 is completed
2021/05/03 14:59:54.777630  In function ParseQSTAT
2021/05/03 14:59:54.777890  In ParseQSTATTable
2021/05/03 14:59:54.777917 strconv.Atoi: parsing "": invalid syntax
2021/05/03 14:59:54.777961  GetAllQSTATTasks cmdToRun =  python3
2021/05/03 14:59:54.787433  in GetAllQSTATTasks stdout =  Job id            Name             User              Time Use S Queue
----------------  ---------------- ----------------  -------- - -----
2008.g3           STDIN            ivan                     0 Q workq           
2009.g3           STDIN            ivan                     0 Q workq           
2010.g3           STDIN            ivan                     0 Q workq           
2011.g3           STDIN            ivan                     0 Q workq           
2012.g3           STDIN            ivan                     0 Q workq           
2013.g3           STDIN            ivan                     0 Q workq           
2014.g3           STDIN            ivan                     0 Q workq           
2015.g3           STDIN            ivan                     0 Q workq


2021/05/03 14:59:54.787466  In ParseQSTATTable
2021/05/03 14:59:54.787486 strconv.Atoi: parsing "": invalid syntax
2021/05/03 15:01:54.819534 in init() of package pbs
2021/05/03 15:01:54.820588  In function ParseQSTAT
2021/05/03 15:01:54.820863  In function ParseQSTAT
2021/05/03 15:01:54.821077  RunQSTATCommand cmdToRun =  python3 [tests/imitate_pbs_output.py qstat -f -F json 1008]
2021/05/03 15:01:54.834207  In ParseStdErr. stderr = 
2021/05/03 15:01:54.834257  In function ParseQSTAT
2021/05/03 15:01:54.834458  In ParseQSUB string = 1013.vm-priboy
2021/05/03 15:01:54.834507  In func RunQSUBCommand() cmdToRun =  python3 [tests/imitate_pbs_output.py qsub -v USER_EMAIL=user@mail.ru, PYTHON_SCRIPT=script.py, QUOTA_CPU=1, QUOTA_MEMORY=1000, QUOTA_TIME=3600, QUOTA_PRIORITY=1 post_task.py]
2021/05/03 15:01:54.849918  in RunQSUBCommand stdout =  1013.vm-priboy

2021/05/03 15:01:54.849953  In ParseQSUB string = 1013.vm-priboy
2021/05/03 15:01:54.849972  in qsub. Task.ProcessId =  1013
2021/05/03 15:01:54.850050  In func RunQSUBCommand() cmdToRun =  python3 [tests/imitate_pbs_output.py qsub -q linopt post_task.pbs]
2021/05/03 15:01:54.863832 Exit status: 13 in run qsub command with args python3 [tests/imitate_pbs_output.py qsub -q linopt post_task.pbs]
2021/05/03 15:01:54.863953  RunQSTATCommand cmdToRun =  python3 [tests/imitate_pbs_output.py qstat -f -F json 2007 2009 2010]
2021/05/03 15:01:54.879124  In ParseStdErr. stderr = qstat: Unknown Job Id 2001.g3
qstat: Unknown Job Id 2002.g3
qstat: Unknown Job Id 2003.g3
2021/05/03 15:01:54.879178  In ParseStdErr task with process id = 2001 is completed
2021/05/03 15:01:54.879192  In ParseStdErr task with process id = 2002 is completed
2021/05/03 15:01:54.879205  In ParseStdErr task with process id = 2003 is completed
2021/05/03 15:01:54.879215  In function ParseQSTAT
2021/05/03 15:01:54.879583  In ParseQSTATTable
2021/05/03 15:01:54.879632 strconv.Atoi: parsing "": invalid syntax
2021/05/03 15:01:54.879685  GetAllQSTATTasks cmdToRun =  python3
2021/05/03 15:01:54.894106  in GetAllQSTATTasks stdout =  Job id            Name             User              Time Use S Queue
----------------  ---------------- ----------------  -------- - -----
2008.g3           STDIN            ivan                     0 Q workq           
2009.g3           STDIN            ivan                     0 Q workq           
2010.g3           STDIN            ivan                     0 Q workq           
2011.g3           STDIN            ivan                     0 Q workq           
2012.g3           STDIN            ivan                     0 Q workq           
2013.g3           STDIN            ivan                     0 Q workq           
2014.g3           STDIN            ivan                     0 Q workq           
2015.g3           STDIN            ivan                     0 Q workq


2021/05/03 15:01:54.894159  In ParseQSTATTable
2021/05/03 15:01:54.894188 strconv.Atoi: parsing "": invalid syntax
2021/05/03 15:03:22.758211 in init() of package pbs
2021/05/03 15:03:22.758930  In function ParseQSTAT
2021/05/03 15:03:22.759124  In function ParseQSTAT
2021/05/03 15:03:22.759263  RunQSTATCommand cmdToRun =  python3 [tests/imitate_pbs_output.py qstat -f -F json 1008]
2021/05/03 15:03:22.773975  In ParseStdErr. stderr = 
2021/05/03 15:03:22.774016  In function ParseQSTAT
2021/05/03 15:03:22.774216  In ParseQSUB string = 1013.vm-priboy
2021/05/03 15:03:22.774282  In func RunQSUBCommand() cmdToRun =  python3 [tests/imitate_pbs_output.py qsub -v USER_EMAIL=user@mail.ru, PYTHON_SCRIPT=script.py, QUOTA_CPU=1, QUOTA_MEMORY=1000, QUOTA_TIME=3600, QUOTA_PRIORITY=1 post_task.py]
2021/05/03 15:03:22.785883  in RunQSUBCommand stdout =  1013.vm-priboy

2021/05/03 15:03:22.785934  In ParseQSUB string = 1013.vm-priboy
2021/05/03 15:03:22.785947  in qsub. Task.ProcessId =  1013
2021/05/03 15:03:22.786017  In func RunQSUBCommand() cmdToRun =  python3 [tests/imitate_pbs_output.py qsub -q linopt post_task.pbs]
2021/05/03 15:03:22.799209 Exit status: 13 in run qsub command with args python3 [tests/imitate_pbs_output.py qsub -q linopt post_task.pbs]
2021/05/03 15:03:22.799338  RunQSTATCommand cmdToRun =  python3 [tests/imitate_pbs_output.py qstat -f -F json 2007 2009 2010]
2021/05/03 15:03:22.811539  In ParseStdErr. stderr = qstat: Unknown Job Id 2001.g3
qstat: Unknown Job Id 2002.g3
qstat: Unknown Job Id 2003.g3
2021/05/03 15:03:22.811577  In ParseStdErr task with process id = 2001 is completed
2021/05/03 15:03:22.811582  In ParseStdErr task with process id = 2002 is completed
2021/05/03 15:03:22.811586  In ParseStdErr task with process id = 2003 is completed
2021/05/03 15:03:22.811592  In function ParseQSTAT
2021/05/03 15:03:22.811736  In ParseQSTATTable
2021/05/03 15:03:22.811759 strconv.Atoi: parsing "": invalid syntax
2021/05/03 15:03:22.811777  GetAllQSTATTasks cmdToRun =  python3
2021/05/03 15:03:22.826185  in GetAllQSTATTasks stdout =  Job id            Name             User              Time Use S Queue
----------------  ---------------- ----------------  -------- - -----
2008.g3           STDIN            ivan                     0 Q workq           
2009.g3           STDIN            ivan                     0 Q workq           
2010.g3           STDIN            ivan                     0 Q workq           
2011.g3           STDIN            ivan                     0 Q workq           
2012.g3           STDIN            ivan                     0 Q workq           
2013.g3           STDIN            ivan                     0 Q workq           
2014.g3           STDIN            ivan                     0 Q workq           
2015.g3           STDIN            ivan                     0 Q workq


2021/05/03 15:03:22.826245  In ParseQSTATTable
2021/05/03 15:03:22.826271 strconv.Atoi: parsing "": invalid syntax
2021/05/03 15:05:25.346927 in init() of package pbs
2021/05/03 15:05:25.347636  In function ParseQSTAT
2021/05/03 15:05:25.347832  In function ParseQSTAT
2021/05/03 15:05:25.347980  RunQSTATCommand cmdToRun =  python3 [tests/imitate_pbs_output.py qstat -f -F json 1008]
2021/05/03 15:05:25.362957  In ParseStdErr. stderr = 
2021/05/03 15:05:25.362999  In function ParseQSTAT
2021/05/03 15:05:25.363168  In ParseQSUB string = 1013.vm-priboy
2021/05/03 15:05:25.363221  In func RunQSUBCommand() cmdToRun =  python3 [tests/imitate_pbs_output.py qsub -v USER_EMAIL=user@mail.ru, PYTHON_SCRIPT=script.py, QUOTA_CPU=1, QUOTA_MEMORY=1000, QUOTA_TIME=3600, QUOTA_PRIORITY=1 post_task.py]
2021/05/03 15:05:25.378177  in RunQSUBCommand stdout =  1013.vm-priboy

2021/05/03 15:05:25.378218  In ParseQSUB string = 1013.vm-priboy
2021/05/03 15:05:25.378232  in qsub. Task.ProcessId =  1013
2021/05/03 15:05:25.378300  In func RunQSUBCommand() cmdToRun =  python3 [tests/imitate_pbs_output.py qsub -q linopt post_task.pbs]
2021/05/03 15:05:25.395710 Exit status: 13 in run qsub command with args python3 [tests/imitate_pbs_output.py qsub -q linopt post_task.pbs]
2021/05/03 15:05:25.395821  RunQSTATCommand cmdToRun =  python3 [tests/imitate_pbs_output.py qstat -f -F json 2007 2009 2010]
2021/05/03 15:05:25.410467  In ParseStdErr. stderr = qstat: Unknown Job Id 2001.g3
qstat: Unknown Job Id 2002.g3
qstat: Unknown Job Id 2003.g3
2021/05/03 15:05:25.410529  In ParseStdErr task with process id = 2001 is completed
2021/05/03 15:05:25.410546  In ParseStdErr task with process id = 2002 is completed
2021/05/03 15:05:25.410561  In ParseStdErr task with process id = 2003 is completed
2021/05/03 15:05:25.410573  In function ParseQSTAT
2021/05/03 15:05:25.411059  In ParseQSTATTable
2021/05/03 15:05:25.411115 strconv.Atoi: parsing "": invalid syntax
2021/05/03 15:05:25.411192  GetAllQSTATTasks cmdToRun =  python3
2021/05/03 15:05:25.426550  in GetAllQSTATTasks stdout =  Job id            Name             User              Time Use S Queue
----------------  ---------------- ----------------  -------- - -----
2008.g3           STDIN            ivan                     0 Q workq           
2009.g3           STDIN            ivan                     0 Q workq           
2010.g3           STDIN            ivan                     0 Q workq           
2011.g3           STDIN            ivan                     0 Q workq           
2012.g3           STDIN            ivan                     0 Q workq           
2013.g3           STDIN            ivan                     0 Q workq           
2014.g3           STDIN            ivan                     0 Q workq           
2015.g3           STDIN            ivan                     0 Q workq


2021/05/03 15:05:25.426618  In ParseQSTATTable
2021/05/03 15:05:25.426651 strconv.Atoi: parsing "": invalid syntax
2021/05/03 15:06:59.649540 in init() of package pbs
2021/05/03 15:06:59.650276  In function ParseQSTAT
2021/05/03 15:06:59.650477  In function ParseQSTAT
2021/05/03 15:06:59.650611  RunQSTATCommand cmdToRun =  python3 [tests/imitate_pbs_output.py qstat -f -F json 1008]
2021/05/03 15:06:59.661480  In ParseStdErr. stderr = 
2021/05/03 15:06:59.661515  In function ParseQSTAT
2021/05/03 15:06:59.661659  In ParseQSUB string = 1013.vm-priboy
2021/05/03 15:06:59.661711  In func RunQSUBCommand() cmdToRun =  python3 [tests/imitate_pbs_output.py qsub -v USER_EMAIL=user@mail.ru, PYTHON_SCRIPT=script.py, QUOTA_CPU=1, QUOTA_MEMORY=1000, QUOTA_TIME=3600, QUOTA_PRIORITY=1 post_task.py]
2021/05/03 15:06:59.670904  in RunQSUBCommand stdout =  1013.vm-priboy

2021/05/03 15:06:59.670939  In ParseQSUB string = 1013.vm-priboy
2021/05/03 15:06:59.670952  in qsub. Task.ProcessId =  1013
2021/05/03 15:06:59.671017  In func RunQSUBCommand() cmdToRun =  python3 [tests/imitate_pbs_output.py qsub -q linopt post_task.pbs]
2021/05/03 15:06:59.685891 Exit status: 13 in run qsub command with args python3 [tests/imitate_pbs_output.py qsub -q linopt post_task.pbs]
2021/05/03 15:06:59.686052  RunQSTATCommand cmdToRun =  python3 [tests/imitate_pbs_output.py qstat -f -F json 2007 2009 2010]
2021/05/03 15:06:59.695755  In ParseStdErr. stderr = qstat: Unknown Job Id 2001.g3
qstat: Unknown Job Id 2002.g3
qstat: Unknown Job Id 2003.g3
2021/05/03 15:06:59.695824  In ParseStdErr task with process id = 2001 is completed
2021/05/03 15:06:59.695838  In ParseStdErr task with process id = 2002 is completed
2021/05/03 15:06:59.695849  In ParseStdErr task with process id = 2003 is completed
2021/05/03 15:06:59.695859  In function ParseQSTAT
2021/05/03 15:06:59.696277  In ParseQSTATTable
2021/05/03 15:06:59.696443 strconv.Atoi: parsing "": invalid syntax
2021/05/03 15:06:59.696532  GetAllQSTATTasks cmdToRun =  python3
2021/05/03 15:06:59.713918  in GetAllQSTATTasks stdout =  Job id            Name             User              Time Use S Queue
----------------  ---------------- ----------------  -------- - -----
2008.g3           STDIN            ivan                     0 Q workq           
2009.g3           STDIN            ivan                     0 Q workq           
2010.g3           STDIN            ivan                     0 Q workq           
2011.g3           STDIN            ivan                     0 Q workq           
2012.g3           STDIN            ivan                     0 Q workq           
2013.g3           STDIN            ivan                     0 Q workq           
2014.g3           STDIN            ivan                     0 Q workq           
2015.g3           STDIN            ivan                     0 Q workq


2021/05/03 15:06:59.713944  In ParseQSTATTable
2021/05/03 15:06:59.713957 strconv.Atoi: parsing "": invalid syntax
